Change Component Designator: OldDesignator=C1 NewDesignator=C2
Change Component Designator: OldDesignator=C2 NewDesignator=C3
Change Component Designator: OldDesignator=C3 NewDesignator=C1
Change Component Designator: OldDesignator=D3 NewDesignator=D7
Change Component Designator: OldDesignator=D4 NewDesignator=D3
Change Component Designator: OldDesignator=D5 NewDesignator=D8
Change Component Designator: OldDesignator=D6 NewDesignator=D4
Change Component Designator: OldDesignator=D7 NewDesignator=D9
Change Component Designator: OldDesignator=D8 NewDesignator=D5
Change Component Designator: OldDesignator=D9 NewDesignator=D10
Change Component Designator: OldDesignator=D10 NewDesignator=D6
Change Component Designator: OldDesignator=Q1 NewDesignator=Q15
Change Component Designator: OldDesignator=Q2 NewDesignator=Q16
Change Component Designator: OldDesignator=Q3 NewDesignator=Q1
Change Component Designator: OldDesignator=Q4 NewDesignator=Q14
Change Component Designator: OldDesignator=Q5 NewDesignator=Q17
Change Component Designator: OldDesignator=Q6 NewDesignator=Q30
Change Component Designator: OldDesignator=Q7 NewDesignator=Q2
Change Component Designator: OldDesignator=Q8 NewDesignator=Q13
Change Component Designator: OldDesignator=Q9 NewDesignator=Q18
Change Component Designator: OldDesignator=Q10 NewDesignator=Q29
Change Component Designator: OldDesignator=Q11 NewDesignator=Q3
Change Component Designator: OldDesignator=Q13 NewDesignator=Q19
Change Component Designator: OldDesignator=Q14 NewDesignator=Q28
Change Component Designator: OldDesignator=Q15 NewDesignator=Q4
Change Component Designator: OldDesignator=Q16 NewDesignator=Q11
Change Component Designator: OldDesignator=Q17 NewDesignator=Q20
Change Component Designator: OldDesignator=Q18 NewDesignator=Q27
Change Component Designator: OldDesignator=Q19 NewDesignator=Q5
Change Component Designator: OldDesignator=Q20 NewDesignator=Q10
Change Component Designator: OldDesignator=Q22 NewDesignator=Q26
Change Component Designator: OldDesignator=Q23 NewDesignator=Q6
Change Component Designator: OldDesignator=Q24 NewDesignator=Q9
Change Component Designator: OldDesignator=Q25 NewDesignator=Q22
Change Component Designator: OldDesignator=Q26 NewDesignator=Q25
Change Component Designator: OldDesignator=Q27 NewDesignator=Q7
Change Component Designator: OldDesignator=Q28 NewDesignator=Q8
Change Component Designator: OldDesignator=Q29 NewDesignator=Q23
Change Component Designator: OldDesignator=Q30 NewDesignator=Q24
Change Component Designator: OldDesignator=R1 NewDesignator=R2
Change Component Designator: OldDesignator=R2 NewDesignator=R7
Change Component Designator: OldDesignator=R3 NewDesignator=R48
Change Component Designator: OldDesignator=R4 NewDesignator=R50
Change Component Designator: OldDesignator=R5 NewDesignator=R52
Change Component Designator: OldDesignator=R6 NewDesignator=R54
Change Component Designator: OldDesignator=R7 NewDesignator=R56
Change Component Designator: OldDesignator=R8 NewDesignator=R58
Change Component Designator: OldDesignator=R9 NewDesignator=R60
Change Component Designator: OldDesignator=R10 NewDesignator=R62
Change Component Designator: OldDesignator=R11 NewDesignator=R1
Change Component Designator: OldDesignator=R12 NewDesignator=R4
Change Component Designator: OldDesignator=R13 NewDesignator=R6
Change Component Designator: OldDesignator=R14 NewDesignator=R9
Change Component Designator: OldDesignator=R15 NewDesignator=R11
Change Component Designator: OldDesignator=R16 NewDesignator=R13
Change Component Designator: OldDesignator=R17 NewDesignator=R15
Change Component Designator: OldDesignator=R18 NewDesignator=R17
Change Component Designator: OldDesignator=R19 NewDesignator=R49
Change Component Designator: OldDesignator=R20 NewDesignator=R51
Change Component Designator: OldDesignator=R21 NewDesignator=R53
Change Component Designator: OldDesignator=R22 NewDesignator=R55
Change Component Designator: OldDesignator=R23 NewDesignator=R57
Change Component Designator: OldDesignator=R24 NewDesignator=R59
Change Component Designator: OldDesignator=R25 NewDesignator=R61
Change Component Designator: OldDesignator=R26 NewDesignator=R3
Change Component Designator: OldDesignator=R27 NewDesignator=R5
Change Component Designator: OldDesignator=R28 NewDesignator=R8
Change Component Designator: OldDesignator=R29 NewDesignator=R10
Change Component Designator: OldDesignator=R30 NewDesignator=R12
Change Component Designator: OldDesignator=R31 NewDesignator=R14
Change Component Designator: OldDesignator=R32 NewDesignator=R16
Change Component Designator: OldDesignator=R33 NewDesignator=R18
Change Component Designator: OldDesignator=R34 NewDesignator=R33
Change Component Designator: OldDesignator=R35 NewDesignator=R19
Change Component Designator: OldDesignator=R36 NewDesignator=R34
Change Component Designator: OldDesignator=R37 NewDesignator=R20
Change Component Designator: OldDesignator=R38 NewDesignator=R35
Change Component Designator: OldDesignator=R39 NewDesignator=R21
Change Component Designator: OldDesignator=R40 NewDesignator=R36
Change Component Designator: OldDesignator=R41 NewDesignator=R22
Change Component Designator: OldDesignator=R42 NewDesignator=R37
Change Component Designator: OldDesignator=R43 NewDesignator=R23
Change Component Designator: OldDesignator=R44 NewDesignator=R38
Change Component Designator: OldDesignator=R45 NewDesignator=R24
Change Component Designator: OldDesignator=R46 NewDesignator=R39
Change Component Designator: OldDesignator=R47 NewDesignator=R25
Change Component Designator: OldDesignator=R48 NewDesignator=R40
Change Component Designator: OldDesignator=R49 NewDesignator=R26
Change Component Designator: OldDesignator=R50 NewDesignator=R41
Change Component Designator: OldDesignator=R51 NewDesignator=R27
Change Component Designator: OldDesignator=R52 NewDesignator=R42
Change Component Designator: OldDesignator=R53 NewDesignator=R28
Change Component Designator: OldDesignator=R54 NewDesignator=R43
Change Component Designator: OldDesignator=R55 NewDesignator=R29
Change Component Designator: OldDesignator=R56 NewDesignator=R44
Change Component Designator: OldDesignator=R57 NewDesignator=R30
Change Component Designator: OldDesignator=R58 NewDesignator=R45
Change Component Designator: OldDesignator=R59 NewDesignator=R31
Change Component Designator: OldDesignator=R60 NewDesignator=R46
Change Component Designator: OldDesignator=R61 NewDesignator=R32
Change Component Designator: OldDesignator=R62 NewDesignator=R47
Change Component Designator: OldDesignator=U1 NewDesignator=U3
Change Component Designator: OldDesignator=U2 NewDesignator=U1
Change Component Designator: OldDesignator=U3 NewDesignator=U2
Change Net Name : Old Net Name=NetC1_2 New Net Name=NetC2_2
Change Net Name : Old Net Name=NetD3_1 New Net Name=NetD7_1
Change Net Name : Old Net Name=NetD3_2 New Net Name=NetD7_2
Change Net Name : Old Net Name=NetD3_3 New Net Name=NetD7_3
Change Net Name : Old Net Name=NetD4_1 New Net Name=NetD3_1
Change Net Name : Old Net Name=NetD4_2 New Net Name=NetD3_2
Change Net Name : Old Net Name=NetD4_3 New Net Name=NetD3_3
Change Net Name : Old Net Name=NetD5_1 New Net Name=NetD8_1
Change Net Name : Old Net Name=NetD5_2 New Net Name=NetD8_2
Change Net Name : Old Net Name=NetD5_3 New Net Name=NetD8_3
Change Net Name : Old Net Name=NetD6_1 New Net Name=NetD4_1
Change Net Name : Old Net Name=NetD6_2 New Net Name=NetD4_2
Change Net Name : Old Net Name=NetD6_3 New Net Name=NetD4_3
Change Net Name : Old Net Name=NetD7_1 New Net Name=NetD9_1
Change Net Name : Old Net Name=NetD7_2 New Net Name=NetD9_2
Change Net Name : Old Net Name=NetD7_3 New Net Name=NetD9_3
Change Net Name : Old Net Name=NetD8_1 New Net Name=NetD5_1
Change Net Name : Old Net Name=NetD8_2 New Net Name=NetD5_2
Change Net Name : Old Net Name=NetD8_3 New Net Name=NetD5_3
Change Net Name : Old Net Name=NetD9_1 New Net Name=NetD10_1
Change Net Name : Old Net Name=NetD9_2 New Net Name=NetD10_2
Change Net Name : Old Net Name=NetD9_3 New Net Name=NetD10_3
Change Net Name : Old Net Name=NetD10_1 New Net Name=NetD6_1
Change Net Name : Old Net Name=NetD10_2 New Net Name=NetD6_2
Change Net Name : Old Net Name=NetD10_3 New Net Name=NetD6_3
Change Net Name : Old Net Name=NetQ1_1 New Net Name=NetQ15_1
Change Net Name : Old Net Name=NetQ1_3 New Net Name=NetQ15_3
Change Net Name : Old Net Name=NetQ2_1 New Net Name=NetQ16_1
Change Net Name : Old Net Name=NetQ2_3 New Net Name=NetQ16_3
Change Net Name : Old Net Name=NetQ3_1 New Net Name=NetQ1_1
Change Net Name : Old Net Name=NetQ3_3 New Net Name=NetQ1_3
Change Net Name : Old Net Name=NetQ4_1 New Net Name=NetQ14_1
Change Net Name : Old Net Name=NetQ4_3 New Net Name=NetQ14_3
Change Net Name : Old Net Name=NetQ5_1 New Net Name=NetQ17_1
Change Net Name : Old Net Name=NetQ5_3 New Net Name=NetQ17_3
Change Net Name : Old Net Name=NetQ6_1 New Net Name=NetQ30_1
Change Net Name : Old Net Name=NetQ6_3 New Net Name=NetQ30_3
Change Net Name : Old Net Name=NetQ7_1 New Net Name=NetQ2_1
Change Net Name : Old Net Name=NetQ7_3 New Net Name=NetQ2_3
Change Net Name : Old Net Name=NetQ8_1 New Net Name=NetQ13_1
Change Net Name : Old Net Name=NetQ8_3 New Net Name=NetQ13_3
Change Net Name : Old Net Name=NetQ9_1 New Net Name=NetQ18_1
Change Net Name : Old Net Name=NetQ9_3 New Net Name=NetQ18_3
Change Net Name : Old Net Name=NetQ10_1 New Net Name=NetQ29_1
Change Net Name : Old Net Name=NetQ10_3 New Net Name=NetQ29_3
Change Net Name : Old Net Name=NetQ11_1 New Net Name=NetQ3_1
Change Net Name : Old Net Name=NetQ11_3 New Net Name=NetQ3_3
Change Net Name : Old Net Name=NetQ13_1 New Net Name=NetQ19_1
Change Net Name : Old Net Name=NetQ13_3 New Net Name=NetQ19_3
Change Net Name : Old Net Name=NetQ14_1 New Net Name=NetQ28_1
Change Net Name : Old Net Name=NetQ14_3 New Net Name=NetQ28_3
Change Net Name : Old Net Name=NetQ15_1 New Net Name=NetQ4_1
Change Net Name : Old Net Name=NetQ15_3 New Net Name=NetQ4_3
Change Net Name : Old Net Name=NetQ16_1 New Net Name=NetQ11_1
Change Net Name : Old Net Name=NetQ16_3 New Net Name=NetQ11_3
Change Net Name : Old Net Name=NetQ17_1 New Net Name=NetQ20_1
Change Net Name : Old Net Name=NetQ17_3 New Net Name=NetQ20_3
Change Net Name : Old Net Name=NetQ18_1 New Net Name=NetQ27_1
Change Net Name : Old Net Name=NetQ18_3 New Net Name=NetQ27_3
Change Net Name : Old Net Name=NetQ19_1 New Net Name=NetQ5_1
Change Net Name : Old Net Name=NetQ19_3 New Net Name=NetQ5_3
Change Net Name : Old Net Name=NetQ20_1 New Net Name=NetQ10_1
Change Net Name : Old Net Name=NetQ20_3 New Net Name=NetQ10_3
Change Net Name : Old Net Name=NetQ22_1 New Net Name=NetQ26_1
Change Net Name : Old Net Name=NetQ22_3 New Net Name=NetQ26_3
Change Net Name : Old Net Name=NetQ23_1 New Net Name=NetQ6_1
Change Net Name : Old Net Name=NetQ23_3 New Net Name=NetQ6_3
Change Net Name : Old Net Name=NetQ24_1 New Net Name=NetQ9_1
Change Net Name : Old Net Name=NetQ24_3 New Net Name=NetQ9_3
Change Net Name : Old Net Name=NetQ25_1 New Net Name=NetQ22_1
Change Net Name : Old Net Name=NetQ25_3 New Net Name=NetQ22_3
Change Net Name : Old Net Name=NetQ26_1 New Net Name=NetQ25_1
Change Net Name : Old Net Name=NetQ26_3 New Net Name=NetQ25_3
Change Net Name : Old Net Name=NetQ27_1 New Net Name=NetQ7_1
Change Net Name : Old Net Name=NetQ27_3 New Net Name=NetQ7_3
Change Net Name : Old Net Name=NetQ28_1 New Net Name=NetQ8_1
Change Net Name : Old Net Name=NetQ28_3 New Net Name=NetQ8_3
Change Net Name : Old Net Name=NetQ29_1 New Net Name=NetQ23_1
Change Net Name : Old Net Name=NetQ29_3 New Net Name=NetQ23_3
Change Net Name : Old Net Name=NetQ30_1 New Net Name=NetQ24_1
Change Net Name : Old Net Name=NetQ30_3 New Net Name=NetQ24_3
Change Net Name : Old Net Name=NetR1_1 New Net Name=NetR2_1
Change Net Name : Old Net Name=NetR3_1 New Net Name=NetR48_1
Change Net Name : Old Net Name=NetR4_1 New Net Name=NetR50_1
Change Net Name : Old Net Name=NetR5_1 New Net Name=NetR52_1
Change Net Name : Old Net Name=NetR6_1 New Net Name=NetR54_1
Change Net Name : Old Net Name=NetR7_1 New Net Name=NetR56_1
Change Net Name : Old Net Name=NetR8_1 New Net Name=NetR58_1
Change Net Name : Old Net Name=NetR9_1 New Net Name=NetR60_1
Change Net Name : Old Net Name=NetR10_1 New Net Name=NetR62_1
Change Net Name : Old Net Name=NetR11_1 New Net Name=NetR1_1
Change Net Name : Old Net Name=NetR12_1 New Net Name=NetR4_1
Change Net Name : Old Net Name=NetR13_1 New Net Name=NetR6_1
Change Net Name : Old Net Name=NetR14_1 New Net Name=NetR9_1
Change Net Name : Old Net Name=NetR15_1 New Net Name=NetR11_1
Change Net Name : Old Net Name=NetR16_1 New Net Name=NetR13_1
Change Net Name : Old Net Name=NetR17_1 New Net Name=NetR15_1
Change Net Name : Old Net Name=NetR18_1 New Net Name=NetR17_1
Change Net Name : Old Net Name=NetR19_1 New Net Name=NetR49_1
Change Net Name : Old Net Name=NetR20_1 New Net Name=NetR51_1
Change Net Name : Old Net Name=NetR21_1 New Net Name=NetR53_1
Change Net Name : Old Net Name=NetR22_1 New Net Name=NetR55_1
Change Net Name : Old Net Name=NetR23_1 New Net Name=NetR57_1
Change Net Name : Old Net Name=NetR24_1 New Net Name=NetR59_1
Change Net Name : Old Net Name=NetR25_1 New Net Name=NetR61_1
Change Net Name : Old Net Name=NetR26_1 New Net Name=NetR3_1
Change Net Name : Old Net Name=NetR27_1 New Net Name=NetR5_1
Change Net Name : Old Net Name=NetR28_1 New Net Name=NetR8_1
Change Net Name : Old Net Name=NetR29_1 New Net Name=NetR10_1
Change Net Name : Old Net Name=NetR30_1 New Net Name=NetR12_1
Change Net Name : Old Net Name=NetR31_1 New Net Name=NetR14_1
Change Net Name : Old Net Name=NetR32_1 New Net Name=NetR16_1
Change Net Name : Old Net Name=NetU2_2 New Net Name=NetU1_2
Change Net Name : Old Net Name=NetU2_3 New Net Name=NetU1_3
Change Net Name : Old Net Name=NetU2_4 New Net Name=NetU1_4
Change Net Name : Old Net Name=NetU2_5 New Net Name=NetU1_5
Change Net Name : Old Net Name=NetU2_6 New Net Name=NetU1_6
Change Net Name : Old Net Name=NetU3_9 New Net Name=NetU2_9
