Added Component: Designator=C1(CAP 0805_N)
Added Component: Designator=C2(CAP 0805_N)
Added Component: Designator=C3(CAP 0805_N)
Added Component: Designator=CT1(CapTouch)
Added Component: Designator=D1(LED LTST-C19HE1WT)
Added Component: Designator=D2(LED LTST-C19HE1WT)
Added Component: Designator=D3(LED LTST-C19HE1WT)
Added Component: Designator=D4(LED LTST-C19HE1WT)
Added Component: Designator=D5(LED LTST-C19HE1WT)
Added Component: Designator=D6(LED LTST-C19HE1WT)
Added Component: Designator=D7(LED LTST-C19HE1WT)
Added Component: Designator=D8(LED LTST-C19HE1WT)
Added Component: Designator=D9(LED LTST-C19HE1WT)
Added Component: Designator=D10(LED LTST-C19HE1WT)
Added Component: Designator=L1(0805_N)
Added Component: Designator=Q1(TO-92A)
Added Component: Designator=Q2(TO-92A)
Added Component: Designator=Q3(TO-92A)
Added Component: Designator=Q4(TO-92A)
Added Component: Designator=Q5(TO-92A)
Added Component: Designator=Q6(TO-92A)
Added Component: Designator=Q7(TO-92A)
Added Component: Designator=Q8(TO-92A)
Added Component: Designator=Q9(TO-92A)
Added Component: Designator=Q10(TO-92A)
Added Component: Designator=Q11(TO-92A)
Added Component: Designator=Q12(TO-92A)
Added Component: Designator=Q13(TO-92A)
Added Component: Designator=Q14(TO-92A)
Added Component: Designator=Q15(TO-92A)
Added Component: Designator=Q16(TO-92A)
Added Component: Designator=Q17(TO-92A)
Added Component: Designator=Q18(TO-92A)
Added Component: Designator=Q19(TO-92A)
Added Component: Designator=Q20(TO-92A)
Added Component: Designator=Q21(TO-92A)
Added Component: Designator=Q22(TO-92A)
Added Component: Designator=Q23(TO-92A)
Added Component: Designator=Q24(TO-92A)
Added Component: Designator=Q25(TO-92A)
Added Component: Designator=Q26(TO-92A)
Added Component: Designator=Q27(TO-92A)
Added Component: Designator=Q28(TO-92A)
Added Component: Designator=Q29(TO-92A)
Added Component: Designator=Q30(TO-92A)
Added Component: Designator=R1(RES 0603_N)
Added Component: Designator=R2(RES 0603_N)
Added Component: Designator=R3(RES 0603_N)
Added Component: Designator=R4(0805 MMC)
Added Component: Designator=R5(0805 MMC)
Added Component: Designator=R6(0805 MMC)
Added Component: Designator=R7(0805 MMC)
Added Component: Designator=R8(0805 MMC)
Added Component: Designator=R9(0805 MMC)
Added Component: Designator=R10(0805 MMC)
Added Component: Designator=R11(0805 MMC)
Added Component: Designator=R12(0805 MMC)
Added Component: Designator=R13(0805 MMC)
Added Component: Designator=R14(0805 MMC)
Added Component: Designator=R15(0805 MMC)
Added Component: Designator=R16(0805 MMC)
Added Component: Designator=R17(0805 MMC)
Added Component: Designator=R18(0805 MMC)
Added Component: Designator=R19(0805 MMC)
Added Component: Designator=R20(0805 MMC)
Added Component: Designator=R21(0805 MMC)
Added Component: Designator=R22(0805 MMC)
Added Component: Designator=R23(0805 MMC)
Added Component: Designator=R24(0805 MMC)
Added Component: Designator=R25(0805 MMC)
Added Component: Designator=R26(0805 MMC)
Added Component: Designator=R27(0805 MMC)
Added Component: Designator=R28(0805 MMC)
Added Component: Designator=R29(0805 MMC)
Added Component: Designator=R30(0805 MMC)
Added Component: Designator=R31(0805 MMC)
Added Component: Designator=R32(0805 MMC)
Added Component: Designator=R33(0805 MMC)
Added Component: Designator=R34(0805 MMC)
Added Component: Designator=R35(0805 MMC)
Added Component: Designator=R36(0805 MMC)
Added Component: Designator=R37(0805 MMC)
Added Component: Designator=R38(0805 MMC)
Added Component: Designator=R39(0805 MMC)
Added Component: Designator=R40(0805 MMC)
Added Component: Designator=R41(0805 MMC)
Added Component: Designator=R42(0805 MMC)
Added Component: Designator=R43(0805 MMC)
Added Component: Designator=R44(0805 MMC)
Added Component: Designator=R45(0805 MMC)
Added Component: Designator=R46(0805 MMC)
Added Component: Designator=R47(0805 MMC)
Added Component: Designator=R48(0805 MMC)
Added Component: Designator=R49(0805 MMC)
Added Component: Designator=R50(0805 MMC)
Added Component: Designator=R51(0805 MMC)
Added Component: Designator=R52(0805 MMC)
Added Component: Designator=R53(0805 MMC)
Added Component: Designator=R54(0805 MMC)
Added Component: Designator=R55(0805 MMC)
Added Component: Designator=R56(0805 MMC)
Added Component: Designator=R57(0805 MMC)
Added Component: Designator=R58(0805 MMC)
Added Component: Designator=R59(0805 MMC)
Added Component: Designator=R60(0805 MMC)
Added Component: Designator=R61(0805 MMC)
Added Component: Designator=R62(0805 MMC)
Added Component: Designator=R63(0805 MMC)
Added Component: Designator=U2(SOIC127P600X175-8N)
Added Component: Designator=U3(SOIC127P600X175-16N)
Added Component: Designator=U4(SOIC127P600X175-16N)
Added Component: Designator=U5(SOIC127P600X175-16N)
Added Component: Designator=U6(SOIC127P600X175-16N)
Added Component: Designator=U?(MSOP8)
Added Pin To Net: NetName=GND Pin=C1-1
Added Pin To Net: NetName=GND Pin=C2-1
Added Pin To Net: NetName=GND Pin=C3-2
Added Pin To Net: NetName=GND Pin=Q1-2
Added Pin To Net: NetName=GND Pin=Q2-2
Added Pin To Net: NetName=GND Pin=Q3-2
Added Pin To Net: NetName=GND Pin=Q4-2
Added Pin To Net: NetName=GND Pin=Q5-2
Added Pin To Net: NetName=GND Pin=Q6-2
Added Pin To Net: NetName=GND Pin=Q7-2
Added Pin To Net: NetName=GND Pin=Q8-2
Added Pin To Net: NetName=GND Pin=Q9-2
Added Pin To Net: NetName=GND Pin=Q10-2
Added Pin To Net: NetName=GND Pin=Q11-2
Added Pin To Net: NetName=GND Pin=Q12-2
Added Pin To Net: NetName=GND Pin=Q13-2
Added Pin To Net: NetName=GND Pin=Q14-2
Added Pin To Net: NetName=GND Pin=Q15-2
Added Pin To Net: NetName=GND Pin=Q16-2
Added Pin To Net: NetName=GND Pin=Q17-2
Added Pin To Net: NetName=GND Pin=Q18-2
Added Pin To Net: NetName=GND Pin=Q19-2
Added Pin To Net: NetName=GND Pin=Q20-2
Added Pin To Net: NetName=GND Pin=Q21-2
Added Pin To Net: NetName=GND Pin=Q22-2
Added Pin To Net: NetName=GND Pin=Q23-2
Added Pin To Net: NetName=GND Pin=Q24-2
Added Pin To Net: NetName=GND Pin=Q25-2
Added Pin To Net: NetName=GND Pin=Q26-2
Added Pin To Net: NetName=GND Pin=Q27-2
Added Pin To Net: NetName=GND Pin=Q28-2
Added Pin To Net: NetName=GND Pin=Q29-2
Added Pin To Net: NetName=GND Pin=Q30-2
Added Pin To Net: NetName=GND Pin=R3-2
Added Pin To Net: NetName=GND Pin=U2-8
Added Pin To Net: NetName=GND Pin=U3-8
Added Pin To Net: NetName=GND Pin=U4-8
Added Pin To Net: NetName=GND Pin=U5-8
Added Pin To Net: NetName=GND Pin=U6-8
Added Pin To Net: NetName=GND Pin=U?-6
Added Pin To Net: NetName=GND Pin=U?-7
Added Net: Name=GND
Added Pin To Net: NetName=NetC1_2 Pin=C1-2
Added Pin To Net: NetName=NetC1_2 Pin=L1-1
Added Pin To Net: NetName=NetC1_2 Pin=U?-1
Added Pin To Net: NetName=NetC1_2 Pin=U?-8
Added Net: Name=NetC1_2
Added Pin To Net: NetName=NetCT1_1 Pin=CT1-1
Added Pin To Net: NetName=NetCT1_1 Pin=U2-7
Added Net: Name=NetCT1_1
Added Pin To Net: NetName=NetD1_1 Pin=D1-1
Added Pin To Net: NetName=NetD1_1 Pin=R34-2
Added Net: Name=NetD1_1
Added Pin To Net: NetName=NetD1_2 Pin=D1-2
Added Pin To Net: NetName=NetD1_2 Pin=R36-2
Added Net: Name=NetD1_2
Added Pin To Net: NetName=NetD1_3 Pin=D1-3
Added Pin To Net: NetName=NetD1_3 Pin=R38-2
Added Net: Name=NetD1_3
Added Pin To Net: NetName=NetD2_1 Pin=D2-1
Added Pin To Net: NetName=NetD2_1 Pin=R35-1
Added Net: Name=NetD2_1
Added Pin To Net: NetName=NetD2_2 Pin=D2-2
Added Pin To Net: NetName=NetD2_2 Pin=R37-1
Added Net: Name=NetD2_2
Added Pin To Net: NetName=NetD2_3 Pin=D2-3
Added Pin To Net: NetName=NetD2_3 Pin=R39-1
Added Net: Name=NetD2_3
Added Pin To Net: NetName=NetD3_1 Pin=D3-1
Added Pin To Net: NetName=NetD3_1 Pin=R40-2
Added Net: Name=NetD3_1
Added Pin To Net: NetName=NetD3_2 Pin=D3-2
Added Pin To Net: NetName=NetD3_2 Pin=R42-2
Added Net: Name=NetD3_2
Added Pin To Net: NetName=NetD3_3 Pin=D3-3
Added Pin To Net: NetName=NetD3_3 Pin=R44-2
Added Net: Name=NetD3_3
Added Pin To Net: NetName=NetD4_1 Pin=D4-1
Added Pin To Net: NetName=NetD4_1 Pin=R41-1
Added Net: Name=NetD4_1
Added Pin To Net: NetName=NetD4_2 Pin=D4-2
Added Pin To Net: NetName=NetD4_2 Pin=R43-1
Added Net: Name=NetD4_2
Added Pin To Net: NetName=NetD4_3 Pin=D4-3
Added Pin To Net: NetName=NetD4_3 Pin=R45-1
Added Net: Name=NetD4_3
Added Pin To Net: NetName=NetD5_1 Pin=D5-1
Added Pin To Net: NetName=NetD5_1 Pin=R46-2
Added Net: Name=NetD5_1
Added Pin To Net: NetName=NetD5_2 Pin=D5-2
Added Pin To Net: NetName=NetD5_2 Pin=R48-2
Added Net: Name=NetD5_2
Added Pin To Net: NetName=NetD5_3 Pin=D5-3
Added Pin To Net: NetName=NetD5_3 Pin=R50-2
Added Net: Name=NetD5_3
Added Pin To Net: NetName=NetD6_1 Pin=D6-1
Added Pin To Net: NetName=NetD6_1 Pin=R47-1
Added Net: Name=NetD6_1
Added Pin To Net: NetName=NetD6_2 Pin=D6-2
Added Pin To Net: NetName=NetD6_2 Pin=R49-1
Added Net: Name=NetD6_2
Added Pin To Net: NetName=NetD6_3 Pin=D6-3
Added Pin To Net: NetName=NetD6_3 Pin=R51-1
Added Net: Name=NetD6_3
Added Pin To Net: NetName=NetD7_1 Pin=D7-1
Added Pin To Net: NetName=NetD7_1 Pin=R52-2
Added Net: Name=NetD7_1
Added Pin To Net: NetName=NetD7_2 Pin=D7-2
Added Pin To Net: NetName=NetD7_2 Pin=R54-2
Added Net: Name=NetD7_2
Added Pin To Net: NetName=NetD7_3 Pin=D7-3
Added Pin To Net: NetName=NetD7_3 Pin=R56-2
Added Net: Name=NetD7_3
Added Pin To Net: NetName=NetD8_1 Pin=D8-1
Added Pin To Net: NetName=NetD8_1 Pin=R53-1
Added Net: Name=NetD8_1
Added Pin To Net: NetName=NetD8_2 Pin=D8-2
Added Pin To Net: NetName=NetD8_2 Pin=R55-1
Added Net: Name=NetD8_2
Added Pin To Net: NetName=NetD8_3 Pin=D8-3
Added Pin To Net: NetName=NetD8_3 Pin=R57-1
Added Net: Name=NetD8_3
Added Pin To Net: NetName=NetD9_1 Pin=D9-1
Added Pin To Net: NetName=NetD9_1 Pin=R58-2
Added Net: Name=NetD9_1
Added Pin To Net: NetName=NetD9_2 Pin=D9-2
Added Pin To Net: NetName=NetD9_2 Pin=R60-2
Added Net: Name=NetD9_2
Added Pin To Net: NetName=NetD9_3 Pin=D9-3
Added Pin To Net: NetName=NetD9_3 Pin=R62-2
Added Net: Name=NetD9_3
Added Pin To Net: NetName=NetD10_1 Pin=D10-1
Added Pin To Net: NetName=NetD10_1 Pin=R59-1
Added Net: Name=NetD10_1
Added Pin To Net: NetName=NetD10_2 Pin=D10-2
Added Pin To Net: NetName=NetD10_2 Pin=R61-1
Added Net: Name=NetD10_2
Added Pin To Net: NetName=NetD10_3 Pin=D10-3
Added Pin To Net: NetName=NetD10_3 Pin=R63-1
Added Net: Name=NetD10_3
Added Pin To Net: NetName=NetL1_2 Pin=L1-2
Added Pin To Net: NetName=NetL1_2 Pin=U?-5
Added Net: Name=NetL1_2
Added Pin To Net: NetName=NetQ1_1 Pin=Q1-1
Added Pin To Net: NetName=NetQ1_1 Pin=R19-2
Added Net: Name=NetQ1_1
Added Pin To Net: NetName=NetQ1_3 Pin=Q1-3
Added Pin To Net: NetName=NetQ1_3 Pin=R34-1
Added Net: Name=NetQ1_3
Added Pin To Net: NetName=NetQ2_1 Pin=Q2-1
Added Pin To Net: NetName=NetQ2_1 Pin=R4-2
Added Net: Name=NetQ2_1
Added Pin To Net: NetName=NetQ2_3 Pin=Q2-3
Added Pin To Net: NetName=NetQ2_3 Pin=R35-2
Added Net: Name=NetQ2_3
Added Pin To Net: NetName=NetQ3_1 Pin=Q3-1
Added Pin To Net: NetName=NetQ3_1 Pin=R12-2
Added Net: Name=NetQ3_1
Added Pin To Net: NetName=NetQ3_3 Pin=Q3-3
Added Pin To Net: NetName=NetQ3_3 Pin=R62-1
Added Net: Name=NetQ3_3
Added Pin To Net: NetName=NetQ4_1 Pin=Q4-1
Added Pin To Net: NetName=NetQ4_1 Pin=R33-2
Added Net: Name=NetQ4_1
Added Pin To Net: NetName=NetQ4_3 Pin=Q4-3
Added Pin To Net: NetName=NetQ4_3 Pin=R36-1
Added Net: Name=NetQ4_3
Added Pin To Net: NetName=NetQ5_1 Pin=Q5-1
Added Pin To Net: NetName=NetQ5_1 Pin=R20-2
Added Net: Name=NetQ5_1
Added Pin To Net: NetName=NetQ5_3 Pin=Q5-3
Added Pin To Net: NetName=NetQ5_3 Pin=R37-2
Added Net: Name=NetQ5_3
Added Pin To Net: NetName=NetQ6_1 Pin=Q6-1
Added Pin To Net: NetName=NetQ6_1 Pin=R11-2
Added Net: Name=NetQ6_1
Added Pin To Net: NetName=NetQ6_3 Pin=Q6-3
Added Pin To Net: NetName=NetQ6_3 Pin=R63-2
Added Net: Name=NetQ6_3
Added Pin To Net: NetName=NetQ7_1 Pin=Q7-1
Added Pin To Net: NetName=NetQ7_1 Pin=R27-2
Added Net: Name=NetQ7_1
Added Pin To Net: NetName=NetQ7_3 Pin=Q7-3
Added Pin To Net: NetName=NetQ7_3 Pin=R60-1
Added Net: Name=NetQ7_3
Added Pin To Net: NetName=NetQ8_1 Pin=Q8-1
Added Pin To Net: NetName=NetQ8_1 Pin=R18-2
Added Net: Name=NetQ8_1
Added Pin To Net: NetName=NetQ8_3 Pin=Q8-3
Added Pin To Net: NetName=NetQ8_3 Pin=R38-1
Added Net: Name=NetQ8_3
Added Pin To Net: NetName=NetQ9_1 Pin=Q9-1
Added Pin To Net: NetName=NetQ9_1 Pin=R5-2
Added Net: Name=NetQ9_1
Added Pin To Net: NetName=NetQ9_3 Pin=Q9-3
Added Pin To Net: NetName=NetQ9_3 Pin=R39-2
Added Net: Name=NetQ9_3
Added Pin To Net: NetName=NetQ10_1 Pin=Q10-1
Added Pin To Net: NetName=NetQ10_1 Pin=R26-2
Added Net: Name=NetQ10_1
Added Pin To Net: NetName=NetQ10_3 Pin=Q10-3
Added Pin To Net: NetName=NetQ10_3 Pin=R61-2
Added Net: Name=NetQ10_3
Added Pin To Net: NetName=NetQ11_1 Pin=Q11-1
Added Pin To Net: NetName=NetQ11_1 Pin=R13-2
Added Net: Name=NetQ11_1
Added Pin To Net: NetName=NetQ11_3 Pin=Q11-3
Added Pin To Net: NetName=NetQ11_3 Pin=R58-1
Added Net: Name=NetQ11_3
Added Pin To Net: NetName=NetQ12_1 Pin=Q12-1
Added Pin To Net: NetName=NetQ12_1 Pin=R32-2
Added Net: Name=NetQ12_1
Added Pin To Net: NetName=NetQ12_3 Pin=Q12-3
Added Pin To Net: NetName=NetQ12_3 Pin=R40-1
Added Net: Name=NetQ12_3
Added Pin To Net: NetName=NetQ13_1 Pin=Q13-1
Added Pin To Net: NetName=NetQ13_1 Pin=R21-2
Added Net: Name=NetQ13_1
Added Pin To Net: NetName=NetQ13_3 Pin=Q13-3
Added Pin To Net: NetName=NetQ13_3 Pin=R41-2
Added Net: Name=NetQ13_3
Added Pin To Net: NetName=NetQ14_1 Pin=Q14-1
Added Pin To Net: NetName=NetQ14_1 Pin=R10-2
Added Net: Name=NetQ14_1
Added Pin To Net: NetName=NetQ14_3 Pin=Q14-3
Added Pin To Net: NetName=NetQ14_3 Pin=R59-2
Added Net: Name=NetQ14_3
Added Pin To Net: NetName=NetQ15_1 Pin=Q15-1
Added Pin To Net: NetName=NetQ15_1 Pin=R28-2
Added Net: Name=NetQ15_1
Added Pin To Net: NetName=NetQ15_3 Pin=Q15-3
Added Pin To Net: NetName=NetQ15_3 Pin=R56-1
Added Net: Name=NetQ15_3
Added Pin To Net: NetName=NetQ16_1 Pin=Q16-1
Added Pin To Net: NetName=NetQ16_1 Pin=R17-2
Added Net: Name=NetQ16_1
Added Pin To Net: NetName=NetQ16_3 Pin=Q16-3
Added Pin To Net: NetName=NetQ16_3 Pin=R42-1
Added Net: Name=NetQ16_3
Added Pin To Net: NetName=NetQ17_1 Pin=Q17-1
Added Pin To Net: NetName=NetQ17_1 Pin=R6-2
Added Net: Name=NetQ17_1
Added Pin To Net: NetName=NetQ17_3 Pin=Q17-3
Added Pin To Net: NetName=NetQ17_3 Pin=R43-2
Added Net: Name=NetQ17_3
Added Pin To Net: NetName=NetQ18_1 Pin=Q18-1
Added Pin To Net: NetName=NetQ18_1 Pin=R25-2
Added Net: Name=NetQ18_1
Added Pin To Net: NetName=NetQ18_3 Pin=Q18-3
Added Pin To Net: NetName=NetQ18_3 Pin=R57-2
Added Net: Name=NetQ18_3
Added Pin To Net: NetName=NetQ19_1 Pin=Q19-1
Added Pin To Net: NetName=NetQ19_1 Pin=R14-2
Added Net: Name=NetQ19_1
Added Pin To Net: NetName=NetQ19_3 Pin=Q19-3
Added Pin To Net: NetName=NetQ19_3 Pin=R54-1
Added Net: Name=NetQ19_3
Added Pin To Net: NetName=NetQ20_1 Pin=Q20-1
Added Pin To Net: NetName=NetQ20_1 Pin=R31-2
Added Net: Name=NetQ20_1
Added Pin To Net: NetName=NetQ20_3 Pin=Q20-3
Added Pin To Net: NetName=NetQ20_3 Pin=R44-1
Added Net: Name=NetQ20_3
Added Pin To Net: NetName=NetQ21_1 Pin=Q21-1
Added Pin To Net: NetName=NetQ21_1 Pin=R22-2
Added Net: Name=NetQ21_1
Added Pin To Net: NetName=NetQ21_3 Pin=Q21-3
Added Pin To Net: NetName=NetQ21_3 Pin=R45-2
Added Net: Name=NetQ21_3
Added Pin To Net: NetName=NetQ22_1 Pin=Q22-1
Added Pin To Net: NetName=NetQ22_1 Pin=R9-2
Added Net: Name=NetQ22_1
Added Pin To Net: NetName=NetQ22_3 Pin=Q22-3
Added Pin To Net: NetName=NetQ22_3 Pin=R55-2
Added Net: Name=NetQ22_3
Added Pin To Net: NetName=NetQ23_1 Pin=Q23-1
Added Pin To Net: NetName=NetQ23_1 Pin=R29-2
Added Net: Name=NetQ23_1
Added Pin To Net: NetName=NetQ23_3 Pin=Q23-3
Added Pin To Net: NetName=NetQ23_3 Pin=R52-1
Added Net: Name=NetQ23_3
Added Pin To Net: NetName=NetQ24_1 Pin=Q24-1
Added Pin To Net: NetName=NetQ24_1 Pin=R16-2
Added Net: Name=NetQ24_1
Added Pin To Net: NetName=NetQ24_3 Pin=Q24-3
Added Pin To Net: NetName=NetQ24_3 Pin=R46-1
Added Net: Name=NetQ24_3
Added Pin To Net: NetName=NetQ25_1 Pin=Q25-1
Added Pin To Net: NetName=NetQ25_1 Pin=R7-2
Added Net: Name=NetQ25_1
Added Pin To Net: NetName=NetQ25_3 Pin=Q25-3
Added Pin To Net: NetName=NetQ25_3 Pin=R47-2
Added Net: Name=NetQ25_3
Added Pin To Net: NetName=NetQ26_1 Pin=Q26-1
Added Pin To Net: NetName=NetQ26_1 Pin=R24-2
Added Net: Name=NetQ26_1
Added Pin To Net: NetName=NetQ26_3 Pin=Q26-3
Added Pin To Net: NetName=NetQ26_3 Pin=R53-2
Added Net: Name=NetQ26_3
Added Pin To Net: NetName=NetQ27_1 Pin=Q27-1
Added Pin To Net: NetName=NetQ27_1 Pin=R15-2
Added Net: Name=NetQ27_1
Added Pin To Net: NetName=NetQ27_3 Pin=Q27-3
Added Pin To Net: NetName=NetQ27_3 Pin=R50-1
Added Net: Name=NetQ27_3
Added Pin To Net: NetName=NetQ28_1 Pin=Q28-1
Added Pin To Net: NetName=NetQ28_1 Pin=R30-2
Added Net: Name=NetQ28_1
Added Pin To Net: NetName=NetQ28_3 Pin=Q28-3
Added Pin To Net: NetName=NetQ28_3 Pin=R48-1
Added Net: Name=NetQ28_3
Added Pin To Net: NetName=NetQ29_1 Pin=Q29-1
Added Pin To Net: NetName=NetQ29_1 Pin=R23-2
Added Net: Name=NetQ29_1
Added Pin To Net: NetName=NetQ29_3 Pin=Q29-3
Added Pin To Net: NetName=NetQ29_3 Pin=R49-2
Added Net: Name=NetQ29_3
Added Pin To Net: NetName=NetQ30_1 Pin=Q30-1
Added Pin To Net: NetName=NetQ30_1 Pin=R8-2
Added Net: Name=NetQ30_1
Added Pin To Net: NetName=NetQ30_3 Pin=Q30-3
Added Pin To Net: NetName=NetQ30_3 Pin=R51-2
Added Net: Name=NetQ30_3
Added Pin To Net: NetName=NetR1_1 Pin=R1-1
Added Pin To Net: NetName=NetR1_1 Pin=U?-3
Added Net: Name=NetR1_1
Added Pin To Net: NetName=NetR2_1 Pin=R2-1
Added Pin To Net: NetName=NetR2_1 Pin=R3-1
Added Pin To Net: NetName=NetR2_1 Pin=U?-2
Added Net: Name=NetR2_1
Added Pin To Net: NetName=NetR4_1 Pin=R4-1
Added Pin To Net: NetName=NetR4_1 Pin=U5-15
Added Net: Name=NetR4_1
Added Pin To Net: NetName=NetR5_1 Pin=R5-1
Added Pin To Net: NetName=NetR5_1 Pin=U5-2
Added Net: Name=NetR5_1
Added Pin To Net: NetName=NetR6_1 Pin=R6-1
Added Pin To Net: NetName=NetR6_1 Pin=U5-4
Added Net: Name=NetR6_1
Added Pin To Net: NetName=NetR7_1 Pin=R7-1
Added Pin To Net: NetName=NetR7_1 Pin=U5-6
Added Net: Name=NetR7_1
Added Pin To Net: NetName=NetR8_1 Pin=R8-1
Added Pin To Net: NetName=NetR8_1 Pin=U6-15
Added Net: Name=NetR8_1
Added Pin To Net: NetName=NetR9_1 Pin=R9-1
Added Pin To Net: NetName=NetR9_1 Pin=U6-2
Added Net: Name=NetR9_1
Added Pin To Net: NetName=NetR10_1 Pin=R10-1
Added Pin To Net: NetName=NetR10_1 Pin=U6-4
Added Net: Name=NetR10_1
Added Pin To Net: NetName=NetR11_1 Pin=R11-1
Added Pin To Net: NetName=NetR11_1 Pin=U6-6
Added Net: Name=NetR11_1
Added Pin To Net: NetName=NetR12_1 Pin=R12-1
Added Pin To Net: NetName=NetR12_1 Pin=U3-6
Added Net: Name=NetR12_1
Added Pin To Net: NetName=NetR13_1 Pin=R13-1
Added Pin To Net: NetName=NetR13_1 Pin=U3-4
Added Net: Name=NetR13_1
Added Pin To Net: NetName=NetR14_1 Pin=R14-1
Added Pin To Net: NetName=NetR14_1 Pin=U3-2
Added Net: Name=NetR14_1
Added Pin To Net: NetName=NetR15_1 Pin=R15-1
Added Pin To Net: NetName=NetR15_1 Pin=U3-15
Added Net: Name=NetR15_1
Added Pin To Net: NetName=NetR16_1 Pin=R16-1
Added Pin To Net: NetName=NetR16_1 Pin=U4-6
Added Net: Name=NetR16_1
Added Pin To Net: NetName=NetR17_1 Pin=R17-1
Added Pin To Net: NetName=NetR17_1 Pin=U4-4
Added Net: Name=NetR17_1
Added Pin To Net: NetName=NetR18_1 Pin=R18-1
Added Pin To Net: NetName=NetR18_1 Pin=U4-2
Added Net: Name=NetR18_1
Added Pin To Net: NetName=NetR19_1 Pin=R19-1
Added Pin To Net: NetName=NetR19_1 Pin=U4-15
Added Net: Name=NetR19_1
Added Pin To Net: NetName=NetR20_1 Pin=R20-1
Added Pin To Net: NetName=NetR20_1 Pin=U5-1
Added Net: Name=NetR20_1
Added Pin To Net: NetName=NetR21_1 Pin=R21-1
Added Pin To Net: NetName=NetR21_1 Pin=U5-3
Added Net: Name=NetR21_1
Added Pin To Net: NetName=NetR22_1 Pin=R22-1
Added Pin To Net: NetName=NetR22_1 Pin=U5-5
Added Net: Name=NetR22_1
Added Pin To Net: NetName=NetR23_1 Pin=R23-1
Added Pin To Net: NetName=NetR23_1 Pin=U5-7
Added Net: Name=NetR23_1
Added Pin To Net: NetName=NetR24_1 Pin=R24-1
Added Pin To Net: NetName=NetR24_1 Pin=U6-1
Added Net: Name=NetR24_1
Added Pin To Net: NetName=NetR25_1 Pin=R25-1
Added Pin To Net: NetName=NetR25_1 Pin=U6-3
Added Net: Name=NetR25_1
Added Pin To Net: NetName=NetR26_1 Pin=R26-1
Added Pin To Net: NetName=NetR26_1 Pin=U6-5
Added Net: Name=NetR26_1
Added Pin To Net: NetName=NetR27_1 Pin=R27-1
Added Pin To Net: NetName=NetR27_1 Pin=U3-5
Added Net: Name=NetR27_1
Added Pin To Net: NetName=NetR28_1 Pin=R28-1
Added Pin To Net: NetName=NetR28_1 Pin=U3-3
Added Net: Name=NetR28_1
Added Pin To Net: NetName=NetR29_1 Pin=R29-1
Added Pin To Net: NetName=NetR29_1 Pin=U3-1
Added Net: Name=NetR29_1
Added Pin To Net: NetName=NetR30_1 Pin=R30-1
Added Pin To Net: NetName=NetR30_1 Pin=U4-7
Added Net: Name=NetR30_1
Added Pin To Net: NetName=NetR31_1 Pin=R31-1
Added Pin To Net: NetName=NetR31_1 Pin=U4-5
Added Net: Name=NetR31_1
Added Pin To Net: NetName=NetR32_1 Pin=R32-1
Added Pin To Net: NetName=NetR32_1 Pin=U4-3
Added Net: Name=NetR32_1
Added Pin To Net: NetName=NetR33_1 Pin=R33-1
Added Pin To Net: NetName=NetR33_1 Pin=U4-1
Added Net: Name=NetR33_1
Added Pin To Net: NetName=NetU2_2 Pin=U2-2
Added Pin To Net: NetName=NetU2_2 Pin=U3-14
Added Net: Name=NetU2_2
Added Pin To Net: NetName=NetU2_3 Pin=U2-3
Added Pin To Net: NetName=NetU2_3 Pin=U3-13
Added Pin To Net: NetName=NetU2_3 Pin=U4-13
Added Pin To Net: NetName=NetU2_3 Pin=U5-13
Added Pin To Net: NetName=NetU2_3 Pin=U6-13
Added Net: Name=NetU2_3
Added Pin To Net: NetName=NetU2_4 Pin=U2-4
Added Pin To Net: NetName=NetU2_4 Pin=U3-12
Added Pin To Net: NetName=NetU2_4 Pin=U4-12
Added Pin To Net: NetName=NetU2_4 Pin=U5-12
Added Pin To Net: NetName=NetU2_4 Pin=U6-12
Added Net: Name=NetU2_4
Added Pin To Net: NetName=NetU2_5 Pin=U2-5
Added Pin To Net: NetName=NetU2_5 Pin=U3-11
Added Pin To Net: NetName=NetU2_5 Pin=U4-11
Added Pin To Net: NetName=NetU2_5 Pin=U5-11
Added Pin To Net: NetName=NetU2_5 Pin=U6-11
Added Net: Name=NetU2_5
Added Pin To Net: NetName=NetU2_6 Pin=U2-6
Added Pin To Net: NetName=NetU2_6 Pin=U3-10
Added Pin To Net: NetName=NetU2_6 Pin=U4-10
Added Pin To Net: NetName=NetU2_6 Pin=U5-10
Added Pin To Net: NetName=NetU2_6 Pin=U6-10
Added Net: Name=NetU2_6
Added Pin To Net: NetName=NetU3_9 Pin=U3-9
Added Pin To Net: NetName=NetU3_9 Pin=U4-14
Added Net: Name=NetU3_9
Added Pin To Net: NetName=NetU4_9 Pin=U4-9
Added Pin To Net: NetName=NetU4_9 Pin=U5-14
Added Net: Name=NetU4_9
Added Pin To Net: NetName=NetU5_9 Pin=U5-9
Added Pin To Net: NetName=NetU5_9 Pin=U6-14
Added Net: Name=NetU5_9
Added Pin To Net: NetName=VCC Pin=C2-2
Added Pin To Net: NetName=VCC Pin=C3-1
Added Pin To Net: NetName=VCC Pin=D1-4
Added Pin To Net: NetName=VCC Pin=D2-4
Added Pin To Net: NetName=VCC Pin=D3-4
Added Pin To Net: NetName=VCC Pin=D4-4
Added Pin To Net: NetName=VCC Pin=D5-4
Added Pin To Net: NetName=VCC Pin=D6-4
Added Pin To Net: NetName=VCC Pin=D7-4
Added Pin To Net: NetName=VCC Pin=D8-4
Added Pin To Net: NetName=VCC Pin=D9-4
Added Pin To Net: NetName=VCC Pin=D10-4
Added Pin To Net: NetName=VCC Pin=R1-2
Added Pin To Net: NetName=VCC Pin=R2-2
Added Pin To Net: NetName=VCC Pin=U2-1
Added Pin To Net: NetName=VCC Pin=U3-16
Added Pin To Net: NetName=VCC Pin=U4-16
Added Pin To Net: NetName=VCC Pin=U5-16
Added Pin To Net: NetName=VCC Pin=U6-16
Added Pin To Net: NetName=VCC Pin=U?-5
Added Net: Name=VCC
