Removed Pin From Net: NetName=NetU1_3 Pin=U1-3
Removed Pin From Net: NetName=NetU1_4 Pin=U1-4
Removed Pin From Net: NetName=NetU1_5 Pin=U1-5
Removed Pin From Net: NetName=NetU1_6 Pin=U1-6
Removed Pin From Net: NetName=NetCT1_1 Pin=U1-7
Removed Pin From Net: NetName=GND Pin=U1-8
Change Component DesignItemId : Designator=U1 Old DesignItemId=PIC12(L)F1571/2 New DesignItemId=PIC16(L)F15313/23
Change Component Footprint: Designator=U1 Old Footprint=SOIC127P600X175-8N New Footprint=SOIC14
Change Component Comment : Designator=U1 Old Comment=PIC12(L)F1571/2 New Comment=PIC16(L)F15313/23
Added Pin To Net: NetName=NetU1_3 Pin=U1-6
Added Pin To Net: NetName=NetU1_4 Pin=U1-7
Added Pin To Net: NetName=NetU1_6 Pin=U1-8
Added Pin To Net: NetName=NetU1_5 Pin=U1-9
Added Pin To Net: NetName=NetCT1_1 Pin=U1-11
Added Pin To Net: NetName=GND Pin=U1-14
Change Net Name : Old Net Name=NetU1_3 New Net Name=NetU1_6
Change Net Name : Old Net Name=NetU1_4 New Net Name=NetU1_7
Change Net Name : Old Net Name=NetU1_5 New Net Name=NetU1_9
Change Net Name : Old Net Name=NetU1_6 New Net Name=NetU1_8
Added Pin To Net: NetName=NetR63_2 Pin=U1-4
Added Net: Name=NetR63_2
Added Pin To Net: NetName=NetU1_5 Pin=U1-5
Added Pin To Net: NetName=NetU1_5 Pin=U2-14
Added Net: Name=NetU1_5
