Change Component Designator: Old Designator=C1 New Designator=C2
Change Component Designator: Old Designator=C2 New Designator=C3
Change Component Designator: Old Designator=C3 New Designator=C1
Change Component Designator: Old Designator=D3 New Designator=D7
Change Component Designator: Old Designator=D4 New Designator=D3
Change Component Designator: Old Designator=D5 New Designator=D8
Change Component Designator: Old Designator=D6 New Designator=D4
Change Component Designator: Old Designator=D7 New Designator=D9
Change Component Designator: Old Designator=D8 New Designator=D5
Change Component Designator: Old Designator=D9 New Designator=D10
Change Component Designator: Old Designator=D10 New Designator=D6
Change Component Designator: Old Designator=Q1 New Designator=Q15
Change Component Designator: Old Designator=Q2 New Designator=Q16
Change Component Designator: Old Designator=Q3 New Designator=Q1
Change Component Designator: Old Designator=Q4 New Designator=Q14
Change Component Designator: Old Designator=Q5 New Designator=Q17
Change Component Designator: Old Designator=Q6 New Designator=Q30
Change Component Designator: Old Designator=Q7 New Designator=Q2
Change Component Designator: Old Designator=Q8 New Designator=Q13
Change Component Designator: Old Designator=Q9 New Designator=Q18
Change Component Designator: Old Designator=Q10 New Designator=Q29
Change Component Designator: Old Designator=Q11 New Designator=Q3
Change Component Designator: Old Designator=Q13 New Designator=Q19
Change Component Designator: Old Designator=Q14 New Designator=Q28
Change Component Designator: Old Designator=Q15 New Designator=Q4
Change Component Designator: Old Designator=Q16 New Designator=Q11
Change Component Designator: Old Designator=Q17 New Designator=Q20
Change Component Designator: Old Designator=Q18 New Designator=Q27
Change Component Designator: Old Designator=Q19 New Designator=Q5
Change Component Designator: Old Designator=Q20 New Designator=Q10
Change Component Designator: Old Designator=Q22 New Designator=Q26
Change Component Designator: Old Designator=Q23 New Designator=Q6
Change Component Designator: Old Designator=Q24 New Designator=Q9
Change Component Designator: Old Designator=Q25 New Designator=Q22
Change Component Designator: Old Designator=Q26 New Designator=Q25
Change Component Designator: Old Designator=Q27 New Designator=Q7
Change Component Designator: Old Designator=Q28 New Designator=Q8
Change Component Designator: Old Designator=Q29 New Designator=Q23
Change Component Designator: Old Designator=Q30 New Designator=Q24
Change Component Designator: Old Designator=R1 New Designator=R2
Change Component Designator: Old Designator=R2 New Designator=R7
Change Component Designator: Old Designator=R3 New Designator=R48
Change Component Designator: Old Designator=R4 New Designator=R50
Change Component Designator: Old Designator=R5 New Designator=R52
Change Component Designator: Old Designator=R6 New Designator=R54
Change Component Designator: Old Designator=R7 New Designator=R56
Change Component Designator: Old Designator=R8 New Designator=R58
Change Component Designator: Old Designator=R9 New Designator=R60
Change Component Designator: Old Designator=R10 New Designator=R62
Change Component Designator: Old Designator=R11 New Designator=R1
Change Component Designator: Old Designator=R12 New Designator=R4
Change Component Designator: Old Designator=R13 New Designator=R6
Change Component Designator: Old Designator=R14 New Designator=R9
Change Component Designator: Old Designator=R15 New Designator=R11
Change Component Designator: Old Designator=R16 New Designator=R13
Change Component Designator: Old Designator=R17 New Designator=R15
Change Component Designator: Old Designator=R18 New Designator=R17
Change Component Designator: Old Designator=R19 New Designator=R49
Change Component Designator: Old Designator=R20 New Designator=R51
Change Component Designator: Old Designator=R21 New Designator=R53
Change Component Designator: Old Designator=R22 New Designator=R55
Change Component Designator: Old Designator=R23 New Designator=R57
Change Component Designator: Old Designator=R24 New Designator=R59
Change Component Designator: Old Designator=R25 New Designator=R61
Change Component Designator: Old Designator=R26 New Designator=R3
Change Component Designator: Old Designator=R27 New Designator=R5
Change Component Designator: Old Designator=R28 New Designator=R8
Change Component Designator: Old Designator=R29 New Designator=R10
Change Component Designator: Old Designator=R30 New Designator=R12
Change Component Designator: Old Designator=R31 New Designator=R14
Change Component Designator: Old Designator=R32 New Designator=R16
Change Component Designator: Old Designator=R33 New Designator=R18
Change Component Designator: Old Designator=R34 New Designator=R33
Change Component Designator: Old Designator=R35 New Designator=R19
Change Component Designator: Old Designator=R36 New Designator=R34
Change Component Designator: Old Designator=R37 New Designator=R20
Change Component Designator: Old Designator=R38 New Designator=R35
Change Component Designator: Old Designator=R39 New Designator=R21
Change Component Designator: Old Designator=R40 New Designator=R36
Change Component Designator: Old Designator=R41 New Designator=R22
Change Component Designator: Old Designator=R42 New Designator=R37
Change Component Designator: Old Designator=R43 New Designator=R23
Change Component Designator: Old Designator=R44 New Designator=R38
Change Component Designator: Old Designator=R45 New Designator=R24
Change Component Designator: Old Designator=R46 New Designator=R39
Change Component Designator: Old Designator=R47 New Designator=R25
Change Component Designator: Old Designator=R48 New Designator=R40
Change Component Designator: Old Designator=R49 New Designator=R26
Change Component Designator: Old Designator=R50 New Designator=R41
Change Component Designator: Old Designator=R51 New Designator=R27
Change Component Designator: Old Designator=R52 New Designator=R42
Change Component Designator: Old Designator=R53 New Designator=R28
Change Component Designator: Old Designator=R54 New Designator=R43
Change Component Designator: Old Designator=R55 New Designator=R29
Change Component Designator: Old Designator=R56 New Designator=R44
Change Component Designator: Old Designator=R57 New Designator=R30
Change Component Designator: Old Designator=R58 New Designator=R45
Change Component Designator: Old Designator=R59 New Designator=R31
Change Component Designator: Old Designator=R60 New Designator=R46
Change Component Designator: Old Designator=R61 New Designator=R32
Change Component Designator: Old Designator=R62 New Designator=R47
Change Component Designator: Old Designator=U1 New Designator=U3
Change Component Designator: Old Designator=U2 New Designator=U1
Change Component Designator: Old Designator=U3 New Designator=U2
